Start testing: Feb 26 15:04 CST
----------------------------------------------------------
1/1 Testing: iggy_common_util_macros_test
1/1 Test: iggy_common_util_macros_test
Command: "/home/guiyilin/lab_codes/iggy/build/test/iggy_common_util_macros_test"
Directory: /home/guiyilin/lab_codes/iggy/build/test
"iggy_common_util_macros_test" start time: Feb 26 15:04 CST
Output:
----------------------------------------------------------
Running main() from gtest_main.cc
[==========] Running 1 test from 1 test case.
[----------] Global test environment set-up.
[----------] 1 test from SingletonTest
[ RUN      ] SingletonTest.InstanceCount
[       OK ] SingletonTest.InstanceCount (0 ms)
[----------] 1 test from SingletonTest (0 ms total)

[----------] Global test environment tear-down
[==========] 1 test from 1 test case ran. (0 ms total)
[  PASSED  ] 1 test.
<end of output>
Test time =   0.00 sec
----------------------------------------------------------
Test Passed.
"iggy_common_util_macros_test" end time: Feb 26 15:04 CST
"iggy_common_util_macros_test" time elapsed: 00:00:00
----------------------------------------------------------

End testing: Feb 26 15:04 CST
